[debug] [2021-02-07T18:11:22.377Z] ----------------------------------------------------------------------
[debug] [2021-02-07T18:11:22.379Z] Command:       C:\Program Files\nodejs\node.exe C:\Users\Geetha\AppData\Roaming\npm\node_modules\firebase-tools\lib\bin\firebase.js init
[debug] [2021-02-07T18:11:22.379Z] CLI Version:   9.3.0
[debug] [2021-02-07T18:11:22.379Z] Platform:      win32
[debug] [2021-02-07T18:11:22.379Z] Node Version:  v12.19.0
[debug] [2021-02-07T18:11:22.381Z] Time:          Sun Feb 07 2021 19:11:22 GMT+0100 (GMT+01:00)
[debug] [2021-02-07T18:11:22.381Z] ----------------------------------------------------------------------
[debug] [2021-02-07T18:11:22.381Z] 
[debug] [2021-02-07T18:11:22.387Z] > command requires scopes: ["email","openid","https://www.googleapis.com/auth/cloudplatformprojects.readonly","https://www.googleapis.com/auth/firebase","https://www.googleapis.com/auth/cloud-platform"]
[debug] [2021-02-07T18:11:22.387Z] > authorizing via signed-in user
[info] 
     ######## #### ########  ######## ########     ###     ######  ########
     ##        ##  ##     ## ##       ##     ##  ##   ##  ##       ##
     ######    ##  ########  ######   ########  #########  ######  ######
     ##        ##  ##    ##  ##       ##     ## ##     ##       ## ##
     ##       #### ##     ## ######## ########  ##     ##  ######  ########

You're about to initialize a Firebase project in this directory:

  C:\Users\Geetha\appli-ionic\S203

[info] 
=== Project Setup
[info] 
[info] First, let's associate this project directory with a Firebase project.
[info] You can create multiple project aliases by running firebase use --add, 
[info] but for now we'll just set up a default project.
[info] 
[debug] [2021-02-07T18:11:32.740Z] >>> [apiv2][query] GET https://firebase.googleapis.com/v1beta1/projects pageSize=100
[debug] [2021-02-07T18:11:33.215Z] <<< [apiv2][status] GET https://firebase.googleapis.com/v1beta1/projects 200
[debug] [2021-02-07T18:11:33.215Z] <<< [apiv2][body] GET https://firebase.googleapis.com/v1beta1/projects [omitted]
[info] i  Using project s203-fe698 (S203) 
[info] 
=== Hosting Setup
[info] 
[info] Your public directory is the folder (relative to your project directory) that
[info] will contain Hosting assets to be uploaded with firebase deploy. If you
[info] have a build process for your assets, use your build's output directory.
[info] 
[debug] [2021-02-07T18:12:06.250Z] >>> [apiv2][query] GET https://www.gstatic.com/firebasejs/releases.json [none]
[debug] [2021-02-07T18:12:06.684Z] <<< [apiv2][status] GET https://www.gstatic.com/firebasejs/releases.json 200
[debug] [2021-02-07T18:12:06.684Z] <<< [apiv2][body] GET https://www.gstatic.com/firebasejs/releases.json {"current":{"version":"8.2.6","browserURL":"https://www.gstatic.com/firebasejs/8.2.6/firebase.js","packageURL":"https://www.gstatic.com/firebasejs/8.2.6/firebase.tgz"},"live":{"version":"8.2","browserURL":"https://www.gstatic.com/firebasejs/live/8.2/firebase.js","packageURL":"https://www.gstatic.com/firebasejs/live/8.2/firebase.tgz"},"components":{"analytics":"https://www.gstatic.com/firebasejs/8.2.6/firebase-analytics.js","app":"https://www.gstatic.com/firebasejs/8.2.6/firebase-app.js","auth":"https://www.gstatic.com/firebasejs/8.2.6/firebase-auth.js","database":"https://www.gstatic.com/firebasejs/8.2.6/firebase-database.js","firestore":"https://www.gstatic.com/firebasejs/8.2.6/firebase-firestore.js","functions":"https://www.gstatic.com/firebasejs/8.2.6/firebase-functions.js","installations":"https://www.gstatic.com/firebasejs/8.2.6/firebase-installations.js","messaging":"https://www.gstatic.com/firebasejs/8.2.6/firebase-messaging.js","storage":"https://www.gstatic.com/firebasejs/8.2.6/firebase-storage.js","performance":"https://www.gstatic.com/firebasejs/8.2.6/firebase-performance.js","remote-config":"https://www.gstatic.com/firebasejs/8.2.6/firebase-remote-config.js","firestore.memory":"https://www.gstatic.com/firebasejs/8.2.6/firebase-firestore.memory.js"}}
[info] +  Wrote public/index.html 
[info] 
[info] i  Writing configuration info to firebase.json... 
[info] i  Writing project information to .firebaserc... 
[info] i  Writing gitignore file to .gitignore... 
[info] 
[info] +  Firebase initialization complete! 
